<?xml version="1.0" encoding="UTF-8"?>
<persistence xmlns="http://java.sun.com/xml/ns/persistence" version="2.0">
    <persistence-unit name="SchedulePUTestH2" transaction-type="RESOURCE_LOCAL">
        <provider>org.eclipse.persistence.jpa.PersistenceProvider</provider>
        <jta-data-source>jdbc/scheduleDSTest</jta-data-source>
        <mapping-file>jpql-queries.xml</mapping-file>
        <mapping-file>native-queries.xml</mapping-file>

        <class>mx.com.arquitectura.base.model.ConnectionDataDO</class>
        <class>mx.com.arquitectura.base.model.ParametersDO</class>
        <class>mx.com.arquitectura.base.model.RegionDO</class>
        <class>mx.com.arquitectura.base.model.ScreenDO</class>
        <class>mx.com.arquitectura.base.model.TheaterDO</class>
        <class>mx.com.arquitectura.base.model.FunctionDO</class>
        <class>mx.com.arquitectura.base.model.ProfileDO</class>
        <class>mx.com.arquitectura.base.model.PropertiesDefaultDO</class>
        <class>mx.com.arquitectura.base.model.PropertiesDO</class>
        <class>mx.com.arquitectura.base.model.SchedulerStatusDO</class>
        <class>mx.com.arquitectura.base.model.SessionStatusDO</class>
        <class>mx.com.arquitectura.base.model.SessionTypeDO</class>
        <class>mx.com.arquitectura.base.model.TimeZoneDO</class>
        <class>mx.com.arquitectura.base.model.UserDO</class>
        <class>mx.com.arquitectura.base.model.AssignSeatsDO</class>
        <class>mx.com.arquitectura.base.model.CommentDO</class>
        <class>mx.com.arquitectura.base.model.FunctionBeforeDO</class>
        <class>mx.com.arquitectura.base.model.PropertiesBeforeDO</class>

        <properties>
            <property name="eclipselink.logging.level" value="FINE"/>
            <property name="eclipselink.weaving" value="false"/>
        </properties>

    </persistence-unit>
</persistence>
